2017-08-26 17:01:12,642 INFO o.a.j.u.JMeterUtils: Setting Locale to en_US
2017-08-26 17:01:12,674 INFO o.a.j.JMeter: Loading user properties from: /opt/jmeter/apache-jmeter-3.2/bin/user.properties
2017-08-26 17:01:12,675 INFO o.a.j.JMeter: Loading system properties from: /opt/jmeter/apache-jmeter-3.2/bin/system.properties
2017-08-26 17:01:12,683 INFO o.a.j.JMeter: Copyright (c) 1998-2017 The Apache Software Foundation
2017-08-26 17:01:12,683 INFO o.a.j.JMeter: Version 3.2 r1790748
2017-08-26 17:01:12,683 INFO o.a.j.JMeter: java.version=1.8.0_144
2017-08-26 17:01:12,689 INFO o.a.j.JMeter: java.vm.name=Java HotSpot(TM) 64-Bit Server VM
2017-08-26 17:01:12,689 INFO o.a.j.JMeter: os.name=Linux
2017-08-26 17:01:12,689 INFO o.a.j.JMeter: os.arch=amd64
2017-08-26 17:01:12,689 INFO o.a.j.JMeter: os.version=4.9.38-16.35.amzn1.x86_64
2017-08-26 17:01:12,689 INFO o.a.j.JMeter: file.encoding=UTF-8
2017-08-26 17:01:12,689 INFO o.a.j.JMeter: Max memory     =536870912
2017-08-26 17:01:12,689 INFO o.a.j.JMeter: Available Processors =1
2017-08-26 17:01:12,696 INFO o.a.j.JMeter: Default Locale=English (United States)
2017-08-26 17:01:12,696 INFO o.a.j.JMeter: JMeter  Locale=English (United States)
2017-08-26 17:01:12,698 INFO o.a.j.JMeter: JMeterHome=/opt/jmeter/apache-jmeter-3.2
2017-08-26 17:01:12,698 INFO o.a.j.JMeter: user.dir  =/home/ec2-user/test
2017-08-26 17:01:12,698 INFO o.a.j.JMeter: PWD       =/home/ec2-user/test
2017-08-26 17:01:12,753 INFO o.a.j.JMeter: IP: 172.31.36.201 Name: ip-172-31-36-201 FullName: ip-172-31-36-201.us-west-2.compute.internal
2017-08-26 17:01:12,756 INFO o.a.j.s.FileServer: Default base='/home/ec2-user/test'
2017-08-26 17:01:12,757 INFO o.a.j.s.FileServer: Set new base='/opt/jmeter/apache-jmeter-3.2/bin'
2017-08-26 17:01:12,950 INFO o.a.j.s.SaveService: Testplan (JMX) version: 2.2. Testlog (JTL) version: 2.2
2017-08-26 17:01:12,971 INFO o.a.j.s.SaveService: Using SaveService properties file encoding UTF-8
2017-08-26 17:01:12,979 INFO o.a.j.s.SaveService: Using SaveService properties version 3.2
2017-08-26 17:01:12,987 INFO o.a.j.s.SaveService: Loading file: /opt/jmeter/apache-jmeter-3.2/bin/LOAD_BALANCER_1.jmx
2017-08-26 17:01:13,062 INFO o.a.j.p.h.s.HTTPSamplerBase: Parser for text/html is org.apache.jmeter.protocol.http.parser.LagartoBasedHtmlParser
2017-08-26 17:01:13,062 INFO o.a.j.p.h.s.HTTPSamplerBase: Parser for application/xhtml+xml is org.apache.jmeter.protocol.http.parser.LagartoBasedHtmlParser
2017-08-26 17:01:13,062 INFO o.a.j.p.h.s.HTTPSamplerBase: Parser for application/xml is org.apache.jmeter.protocol.http.parser.LagartoBasedHtmlParser
2017-08-26 17:01:13,062 INFO o.a.j.p.h.s.HTTPSamplerBase: Parser for text/xml is org.apache.jmeter.protocol.http.parser.LagartoBasedHtmlParser
2017-08-26 17:01:13,063 INFO o.a.j.p.h.s.HTTPSamplerBase: Parser for text/vnd.wap.wml is org.apache.jmeter.protocol.http.parser.RegexpHTMLParser
2017-08-26 17:01:13,063 INFO o.a.j.p.h.s.HTTPSamplerBase: Parser for text/css is org.apache.jmeter.protocol.http.parser.CssParser
2017-08-26 17:01:13,115 INFO o.a.j.JMeter: Creating summariser <summary>
2017-08-26 17:01:13,125 INFO o.a.j.e.StandardJMeterEngine: Running the test!
2017-08-26 17:01:13,126 INFO o.a.j.s.SampleEvent: List of sample_variables: []
2017-08-26 17:01:13,126 INFO o.a.j.s.SampleEvent: List of sample_variables: []
2017-08-26 17:01:13,132 INFO o.a.j.e.u.CompoundVariable: Note: Function class names must contain the string: '.functions.'
2017-08-26 17:01:13,132 INFO o.a.j.e.u.CompoundVariable: Note: Function class names must not contain the string: '.gui.'
2017-08-26 17:01:13,825 INFO o.a.j.JMeter: Running test (1503766873824)
2017-08-26 17:01:13,875 INFO o.a.j.e.StandardJMeterEngine: Starting ThreadGroup: 1 : Thread Group
2017-08-26 17:01:13,876 INFO o.a.j.e.StandardJMeterEngine: Starting 10 threads for group Thread Group.
2017-08-26 17:01:13,876 INFO o.a.j.e.StandardJMeterEngine: Thread will continue on error
2017-08-26 17:01:13,876 INFO o.a.j.t.ThreadGroup: Starting thread group... number=1 threads=10 ramp-up=1 perThread=100.0 delayedStart=false
2017-08-26 17:01:13,883 INFO o.a.j.t.JMeterThread: Thread started: Thread Group 1-1
2017-08-26 17:01:13,892 INFO o.a.j.t.ThreadGroup: Started thread group number 1
2017-08-26 17:01:13,893 INFO o.a.j.e.StandardJMeterEngine: All thread groups have been started
2017-08-26 17:01:13,919 INFO o.a.j.p.h.s.HTTPHCAbstractImpl: Local host = ip-172-31-36-201
2017-08-26 17:01:13,932 INFO o.a.j.p.h.s.HTTPHC4Impl: HTTP request retry count = 0
2017-08-26 17:01:13,940 INFO o.a.j.s.SampleResult: Note: Sample TimeStamps are START times
2017-08-26 17:01:13,941 INFO o.a.j.s.SampleResult: sampleresult.default.encoding is set to ISO-8859-1
2017-08-26 17:01:13,941 INFO o.a.j.s.SampleResult: sampleresult.useNanoTime=true
2017-08-26 17:01:13,941 INFO o.a.j.s.SampleResult: sampleresult.nanoThreadSleep=5000
2017-08-26 17:01:13,989 INFO o.a.j.t.JMeterThread: Thread started: Thread Group 1-2
2017-08-26 17:01:14,090 INFO o.a.j.t.JMeterThread: Thread started: Thread Group 1-3
2017-08-26 17:01:14,191 INFO o.a.j.t.JMeterThread: Thread started: Thread Group 1-4
2017-08-26 17:01:14,291 INFO o.a.j.t.JMeterThread: Thread started: Thread Group 1-5
2017-08-26 17:01:14,392 INFO o.a.j.t.JMeterThread: Thread started: Thread Group 1-6
2017-08-26 17:01:14,492 INFO o.a.j.t.JMeterThread: Thread started: Thread Group 1-7
2017-08-26 17:01:14,592 INFO o.a.j.t.JMeterThread: Thread started: Thread Group 1-8
2017-08-26 17:01:14,693 INFO o.a.j.t.JMeterThread: Thread started: Thread Group 1-9
2017-08-26 17:01:14,802 INFO o.a.j.t.JMeterThread: Thread started: Thread Group 1-10
2017-08-26 17:01:14,986 INFO o.a.j.t.JMeterThread: Thread is done: Thread Group 1-3
2017-08-26 17:01:14,986 INFO o.a.j.t.JMeterThread: Thread finished: Thread Group 1-3
2017-08-26 17:01:14,994 INFO o.a.j.t.JMeterThread: Thread is done: Thread Group 1-1
2017-08-26 17:01:14,994 INFO o.a.j.t.JMeterThread: Thread finished: Thread Group 1-1
2017-08-26 17:01:14,995 INFO o.a.j.t.JMeterThread: Thread is done: Thread Group 1-4
2017-08-26 17:01:14,995 INFO o.a.j.t.JMeterThread: Thread finished: Thread Group 1-4
2017-08-26 17:01:15,014 INFO o.a.j.t.JMeterThread: Thread is done: Thread Group 1-2
2017-08-26 17:01:15,014 INFO o.a.j.t.JMeterThread: Thread finished: Thread Group 1-2
2017-08-26 17:01:15,164 INFO o.a.j.t.JMeterThread: Thread is done: Thread Group 1-6
2017-08-26 17:01:15,164 INFO o.a.j.t.JMeterThread: Thread finished: Thread Group 1-6
2017-08-26 17:01:15,186 INFO o.a.j.t.JMeterThread: Thread is done: Thread Group 1-5
2017-08-26 17:01:15,187 INFO o.a.j.t.JMeterThread: Thread finished: Thread Group 1-5
2017-08-26 17:01:15,315 INFO o.a.j.t.JMeterThread: Thread is done: Thread Group 1-7
2017-08-26 17:01:15,315 INFO o.a.j.t.JMeterThread: Thread finished: Thread Group 1-7
2017-08-26 17:01:15,466 INFO o.a.j.t.JMeterThread: Thread is done: Thread Group 1-8
2017-08-26 17:01:15,466 INFO o.a.j.t.JMeterThread: Thread finished: Thread Group 1-8
2017-08-26 17:01:15,527 INFO o.a.j.t.JMeterThread: Thread is done: Thread Group 1-9
2017-08-26 17:01:15,527 INFO o.a.j.t.JMeterThread: Thread finished: Thread Group 1-9
2017-08-26 17:01:15,616 INFO o.a.j.t.JMeterThread: Thread is done: Thread Group 1-10
2017-08-26 17:01:15,616 INFO o.a.j.t.JMeterThread: Thread finished: Thread Group 1-10
2017-08-26 17:01:15,616 INFO o.a.j.e.StandardJMeterEngine: Notifying test listeners of end of test
2017-08-26 17:01:15,617 INFO o.a.j.r.Summariser: summary =    100 in 00:00:02 =   55.8/s Avg:    86 Min:    70 Max:   250 Err:     0 (0.00%)
